<?xml version="1.0" encoding="UTF-8"?>
<!-- Generated by org.testng.reporters.JUnitReportReporter -->
<testsuite hostname="DESKTOP-D0846S4" failures="0" tests="1" name="rahulshettyacademy.tests.ErrorValidationsTest" time="4.660" errors="0" timestamp="22 Oct 2024 15:15:54 GMT" skipped="0">
  <testcase classname="rahulshettyacademy.tests.ErrorValidationsTest" name="loginErrorValidation" time="4.660"/>
</testsuite> <!-- rahulshettyacademy.tests.ErrorValidationsTest -->
